0 info it worked if it ends with ok
1 verbose cli [ '/usr/local/bin/node', '/usr/local/bin/npm', 'run', 'build' ]
2 info using npm@3.10.8
3 info using node@v6.9.1
4 verbose run-script [ 'prebuild', 'build', 'postbuild' ]
5 info lifecycle kanye2020@0.1.0~prebuild: kanye2020@0.1.0
6 silly lifecycle kanye2020@0.1.0~prebuild: no script for prebuild, continuing
7 info lifecycle kanye2020@0.1.0~build: kanye2020@0.1.0
8 verbose lifecycle kanye2020@0.1.0~build: unsafe-perm in lifecycle true
9 verbose lifecycle kanye2020@0.1.0~build: PATH: /usr/local/lib/node_modules/npm/bin/node-gyp-bin:/Users/Nicole/Desktop/343/chall/LuckySquirrels/kanye2020/node_modules/.bin:/usr/local/bin:/usr/bin:/bin:/usr/sbin:/sbin
10 verbose lifecycle kanye2020@0.1.0~build: CWD: /Users/Nicole/Desktop/343/chall/LuckySquirrels/kanye2020
11 silly lifecycle kanye2020@0.1.0~build: Args: [ '-c', 'react-scripts build' ]
12 silly lifecycle kanye2020@0.1.0~build: Returned: code: 1  signal: null
13 info lifecycle kanye2020@0.1.0~build: Failed to exec build script
14 verbose stack Error: kanye2020@0.1.0 build: `react-scripts build`
14 verbose stack Exit status 1
14 verbose stack     at EventEmitter.<anonymous> (/usr/local/lib/node_modules/npm/lib/utils/lifecycle.js:255:16)
14 verbose stack     at emitTwo (events.js:106:13)
14 verbose stack     at EventEmitter.emit (events.js:191:7)
14 verbose stack     at ChildProcess.<anonymous> (/usr/local/lib/node_modules/npm/lib/utils/spawn.js:40:14)
14 verbose stack     at emitTwo (events.js:106:13)
14 verbose stack     at ChildProcess.emit (events.js:191:7)
14 verbose stack     at maybeClose (internal/child_process.js:877:16)
14 verbose stack     at Process.ChildProcess._handle.onexit (internal/child_process.js:226:5)
15 verbose pkgid kanye2020@0.1.0
16 verbose cwd /Users/Nicole/Desktop/343/chall/LuckySquirrels/kanye2020
17 error Darwin 14.5.0
18 error argv "/usr/local/bin/node" "/usr/local/bin/npm" "run" "build"
19 error node v6.9.1
20 error npm  v3.10.8
21 error code ELIFECYCLE
22 error kanye2020@0.1.0 build: `react-scripts build`
22 error Exit status 1
23 error Failed at the kanye2020@0.1.0 build script 'react-scripts build'.
23 error Make sure you have the latest version of node.js and npm installed.
23 error If you do, this is most likely a problem with the kanye2020 package,
23 error not with npm itself.
23 error Tell the author that this fails on your system:
23 error     react-scripts build
23 error You can get information on how to open an issue for this project with:
23 error     npm bugs kanye2020
23 error Or if that isn't available, you can get their info via:
23 error     npm owner ls kanye2020
23 error There is likely additional logging output above.
24 verbose exit [ 1, true ]
